<?xml version="1.0" encoding="UTF-8"?>
<!-- Generated by org.testng.reporters.JUnitReportReporter -->
<testsuite hostname="Syed_Feroz" failures="0" tests="1" name="com.vtiger.genericlib.BaseClass" time="9.017" errors="0" timestamp="2024-01-02T16:03:02 IST" skipped="0">
  <testcase classname="com.vtiger.genericlib.BaseClass" name="m1" time="9.017"/>
  <system-out>
    <![CDATA[JDBC DISCONNECTED]]>
  </system-out>
</testsuite> <!-- com.vtiger.genericlib.BaseClass -->
