<?xml version="1.0" encoding="UTF-8"?>
<!-- Generated by org.testng.reporters.JUnitReportReporter -->
<testsuite hostname="Syed_Feroz" failures="0" tests="1" name="com.vtiger.producttestcase.EditExistingProduct" time="19.635" errors="0" timestamp="2024-01-04T14:13:26 IST" skipped="0">
  <testcase classname="com.vtiger.producttestcase.EditExistingProduct" name="m9" time="19.635"/>
  <system-out>
    <![CDATA[JDBC Connected]]>
  </system-out>
</testsuite> <!-- com.vtiger.producttestcase.EditExistingProduct -->
