<?xml version="1.0" encoding="UTF-8"?>
<!-- Generated by org.testng.reporters.JUnitReportReporter -->
<testsuite hostname="Syed_Feroz" failures="0" tests="1" name="com.vtiger.producttestcase.CreatenewProductTestcase" time="20.723" errors="0" timestamp="2024-01-04T13:46:33 IST" skipped="0">
  <testcase classname="com.vtiger.producttestcase.CreatenewProductTestcase" name="m1" time="20.723"/>
  <system-out>
    <![CDATA[JDBC Connected]]>
  </system-out>
</testsuite> <!-- com.vtiger.producttestcase.CreatenewProductTestcase -->
